root@e72460fb8ea9:/var/www# composer create-project "laravel/laravel=8.*" . --prefer-dist
Creating a "laravel/laravel=8.*" project at "./"
Installing laravel/laravel (v8.6.12)
  - Downloading laravel/laravel (v8.6.12)
  - Installing laravel/laravel (v8.6.12): Extracting archive
Created project in /var/www/.
> @php -r "file_exists('.env') || copy('.env.example', '.env');"
Loading composer repositories with package information
Updating dependencies
Lock file operations: 108 installs, 0 updates, 0 removals
  - Locking asm89/stack-cors (v2.2.0)
  - Locking brick/math (0.9.3)
  - Locking carbonphp/carbon-doctrine-types (2.1.0)
  - Locking dflydev/dot-access-data (v3.0.3)
  - Locking doctrine/inflector (2.0.10)
  - Locking doctrine/instantiator (1.5.0)
  - Locking doctrine/lexer (1.2.3)
  - Locking dragonmantank/cron-expression (v3.3.3)
  - Locking egulias/email-validator (2.1.25)
  - Locking facade/flare-client-php (1.10.0)
  - Locking facade/ignition (2.17.7)
  - Locking facade/ignition-contracts (1.0.2)
  - Locking fakerphp/faker (v1.23.1)
  - Locking filp/whoops (2.15.4)
  - Locking fruitcake/laravel-cors (v2.2.0)
  - Locking graham-campbell/result-type (v1.1.3)
  - Locking guzzlehttp/guzzle (7.9.2)
  - Locking guzzlehttp/promises (2.0.3)
  - Locking guzzlehttp/psr7 (2.7.0)
  - Locking hamcrest/hamcrest-php (v2.0.1)
  - Locking laravel/framework (v8.83.27)
  - Locking laravel/sail (v1.19.0)
  - Locking laravel/sanctum (v2.15.1)
  - Locking laravel/serializable-closure (v1.3.4)
  - Locking laravel/tinker (v2.9.0)
  - Locking league/commonmark (2.5.3)
  - Locking league/config (v1.2.0)
  - Locking league/flysystem (1.1.10)
  - Locking league/mime-type-detection (1.15.0)
  - Locking mockery/mockery (1.6.12)
  - Locking monolog/monolog (2.9.3)
  - Locking myclabs/deep-copy (1.12.0)
  - Locking nesbot/carbon (2.72.5)
  - Locking nette/schema (v1.2.5)
  - Locking nette/utils (v3.2.10)
  - Locking nikic/php-parser (v5.1.0)
  - Locking nunomaduro/collision (v5.11.0)
  - Locking opis/closure (3.6.3)
  - Locking phar-io/manifest (2.0.4)
  - Locking phar-io/version (3.2.1)
  - Locking phpoption/phpoption (1.9.3)
  - Locking phpunit/php-code-coverage (9.2.32)
  - Locking phpunit/php-file-iterator (3.0.6)
  - Locking phpunit/php-invoker (3.1.1)
  - Locking phpunit/php-text-template (2.0.4)
  - Locking phpunit/php-timer (5.0.3)
  - Locking phpunit/phpunit (9.6.20)
  - Locking psr/clock (1.0.0)
  - Locking psr/container (1.1.2)
  - Locking psr/event-dispatcher (1.0.0)
  - Locking psr/http-client (1.0.3)
  - Locking psr/http-factory (1.1.0)
  - Locking psr/http-message (2.0)
  - Locking psr/log (1.1.4)
  - Locking psr/simple-cache (1.0.1)
  - Locking psy/psysh (v0.12.4)
  - Locking ralouphie/getallheaders (3.0.3)
  - Locking ramsey/collection (1.3.0)
  - Locking ramsey/uuid (4.2.3)
  - Locking sebastian/cli-parser (1.0.2)
  - Locking sebastian/code-unit (1.0.8)
  - Locking sebastian/code-unit-reverse-lookup (2.0.3)
  - Locking sebastian/comparator (4.0.8)
  - Locking sebastian/complexity (2.0.3)
  - Locking sebastian/diff (4.0.6)
  - Locking sebastian/environment (5.1.5)
  - Locking sebastian/exporter (4.0.6)
  - Locking sebastian/global-state (5.0.7)
  - Locking sebastian/lines-of-code (1.0.4)
  - Locking sebastian/object-enumerator (4.0.4)
  - Locking sebastian/object-reflector (2.0.4)
  - Locking sebastian/recursion-context (4.0.5)
  - Locking sebastian/resource-operations (3.0.4)
  - Locking sebastian/type (3.2.1)
  - Locking sebastian/version (3.0.2)
  - Locking swiftmailer/swiftmailer (v6.3.0)
  - Locking symfony/console (v5.4.43)
  - Locking symfony/css-selector (v5.4.40)
  - Locking symfony/deprecation-contracts (v2.5.3)
  - Locking symfony/error-handler (v5.4.42)
  - Locking symfony/event-dispatcher (v5.4.40)
  - Locking symfony/event-dispatcher-contracts (v2.5.3)
  - Locking symfony/finder (v5.4.43)
  - Locking symfony/http-foundation (v5.4.42)
  - Locking symfony/http-kernel (v5.4.43)
  - Locking symfony/mime (v5.4.43)
  - Locking symfony/polyfill-ctype (v1.30.0)
  - Locking symfony/polyfill-iconv (v1.30.0)
  - Locking symfony/polyfill-intl-grapheme (v1.30.0)
  - Locking symfony/polyfill-intl-idn (v1.30.0)
  - Locking symfony/polyfill-intl-normalizer (v1.30.0)
  - Locking symfony/polyfill-mbstring (v1.30.0)
  - Locking symfony/polyfill-php72 (v1.30.0)
  - Locking symfony/polyfill-php73 (v1.30.0)
  - Locking symfony/polyfill-php80 (v1.30.0)
  - Locking symfony/polyfill-php81 (v1.30.0)
  - Locking symfony/process (v5.4.40)
  - Locking symfony/routing (v5.4.43)
  - Locking symfony/service-contracts (v2.5.3)
  - Locking symfony/string (v5.4.43)
  - Locking symfony/translation (v5.4.42)
  - Locking symfony/translation-contracts (v2.5.3)
  - Locking symfony/var-dumper (v5.4.43)
  - Locking theseer/tokenizer (1.2.3)
  - Locking tijsverkoyen/css-to-inline-styles (v2.2.7)
  - Locking vlucas/phpdotenv (v5.6.1)
  - Locking voku/portable-ascii (1.6.1)
  - Locking webmozart/assert (1.11.0)
Writing lock file
Installing dependencies from lock file (including require-dev)
Package operations: 108 installs, 0 updates, 0 removals
  - Downloading doctrine/inflector (2.0.10)
  - Downloading doctrine/lexer (1.2.3)
  - Downloading symfony/polyfill-ctype (v1.30.0)
  - Downloading webmozart/assert (1.11.0)
  - Downloading dragonmantank/cron-expression (v3.3.3)
  - Downloading symfony/polyfill-php80 (v1.30.0)
  - Downloading symfony/polyfill-mbstring (v1.30.0)
  - Downloading symfony/var-dumper (v5.4.43)
  - Downloading symfony/polyfill-intl-normalizer (v1.30.0)
  - Downloading symfony/polyfill-intl-grapheme (v1.30.0)
  - Downloading symfony/string (v5.4.43)
  - Downloading symfony/deprecation-contracts (v2.5.3)
  - Downloading psr/container (1.1.2)
  - Downloading symfony/service-contracts (v2.5.3)
  - Downloading symfony/polyfill-php73 (v1.30.0)
  - Downloading symfony/console (v5.4.43)
  - Downloading psr/log (1.1.4)
  - Downloading monolog/monolog (2.9.3)
  - Downloading voku/portable-ascii (1.6.1)
  - Downloading phpoption/phpoption (1.9.3)
  - Downloading graham-campbell/result-type (v1.1.3)
  - Downloading vlucas/phpdotenv (v5.6.1)
  - Downloading symfony/css-selector (v5.4.40)
  - Downloading tijsverkoyen/css-to-inline-styles (v2.2.7)
  - Downloading symfony/routing (v5.4.43)
  - Downloading symfony/process (v5.4.40)
  - Downloading symfony/polyfill-php72 (v1.30.0)
  - Downloading symfony/polyfill-intl-idn (v1.30.0)
  - Downloading symfony/mime (v5.4.43)
  - Downloading symfony/http-foundation (v5.4.42)
  - Downloading psr/event-dispatcher (1.0.0)
  - Downloading symfony/event-dispatcher-contracts (v2.5.3)
  - Downloading symfony/event-dispatcher (v5.4.40)
  - Downloading symfony/error-handler (v5.4.42)
  - Downloading symfony/http-kernel (v5.4.43)
  - Downloading symfony/finder (v5.4.43)
  - Downloading symfony/polyfill-iconv (v1.30.0)
  - Downloading egulias/email-validator (2.1.25)
  - Downloading swiftmailer/swiftmailer (v6.3.0)
  - Downloading symfony/polyfill-php81 (v1.30.0)
  - Downloading ramsey/collection (1.3.0)
  - Downloading brick/math (0.9.3)
  - Downloading ramsey/uuid (4.2.3)
  - Downloading psr/simple-cache (1.0.1)
  - Downloading opis/closure (3.6.3)
  - Downloading symfony/translation-contracts (v2.5.3)
  - Downloading symfony/translation (v5.4.42)
  - Downloading psr/clock (1.0.0)
  - Downloading carbonphp/carbon-doctrine-types (2.1.0)
  - Downloading nesbot/carbon (2.72.5)
  - Downloading league/mime-type-detection (1.15.0)
  - Downloading league/flysystem (1.1.10)
  - Downloading nette/utils (v3.2.10)
  - Downloading nette/schema (v1.2.5)
  - Downloading dflydev/dot-access-data (v3.0.3)
  - Downloading league/config (v1.2.0)
  - Downloading league/commonmark (2.5.3)
  - Downloading laravel/serializable-closure (v1.3.4)
  - Downloading laravel/framework (v8.83.27)
  - Downloading facade/ignition-contracts (1.0.2)
  - Downloading facade/flare-client-php (1.10.0)
  - Downloading facade/ignition (2.17.7)
  - Downloading fakerphp/faker (v1.23.1)
  - Downloading asm89/stack-cors (v2.2.0)
  - Downloading fruitcake/laravel-cors (v2.2.0)
  - Downloading psr/http-message (2.0)
  - Downloading psr/http-client (1.0.3)
  - Downloading ralouphie/getallheaders (3.0.3)
  - Downloading psr/http-factory (1.1.0)
  - Downloading guzzlehttp/psr7 (2.7.0)
  - Downloading guzzlehttp/promises (2.0.3)
  - Downloading guzzlehttp/guzzle (7.9.2)
  - Downloading laravel/sail (v1.19.0)
  - Downloading laravel/sanctum (v2.15.1)
  - Downloading nikic/php-parser (v5.1.0)
  - Downloading psy/psysh (v0.12.4)
  - Downloading laravel/tinker (v2.9.0)
  - Downloading hamcrest/hamcrest-php (v2.0.1)
  - Downloading mockery/mockery (1.6.12)
  - Downloading filp/whoops (2.15.4)
  - Downloading nunomaduro/collision (v5.11.0)
  - Downloading sebastian/version (3.0.2)
  - Downloading sebastian/type (3.2.1)
  - Downloading sebastian/resource-operations (3.0.4)
  - Downloading sebastian/recursion-context (4.0.5)
  - Downloading sebastian/object-reflector (2.0.4)
  - Downloading sebastian/object-enumerator (4.0.4)
  - Downloading sebastian/global-state (5.0.7)
  - Downloading sebastian/exporter (4.0.6)
  - Downloading sebastian/environment (5.1.5)
  - Downloading sebastian/diff (4.0.6)
  - Downloading sebastian/comparator (4.0.8)
  - Downloading sebastian/code-unit (1.0.8)
  - Downloading sebastian/cli-parser (1.0.2)
  - Downloading phpunit/php-timer (5.0.3)
  - Downloading phpunit/php-text-template (2.0.4)
  - Downloading phpunit/php-invoker (3.1.1)
  - Downloading phpunit/php-file-iterator (3.0.6)
  - Downloading theseer/tokenizer (1.2.3)
  - Downloading sebastian/lines-of-code (1.0.4)
  - Downloading sebastian/complexity (2.0.3)
  - Downloading sebastian/code-unit-reverse-lookup (2.0.3)
  - Downloading phpunit/php-code-coverage (9.2.32)
  - Downloading phar-io/version (3.2.1)
  - Downloading phar-io/manifest (2.0.4)
  - Downloading myclabs/deep-copy (1.12.0)
  - Downloading doctrine/instantiator (1.5.0)
  - Downloading phpunit/phpunit (9.6.20)
  - Installing doctrine/inflector (2.0.10): Extracting archive
  - Installing doctrine/lexer (1.2.3): Extracting archive
  - Installing symfony/polyfill-ctype (v1.30.0): Extracting archive
  - Installing webmozart/assert (1.11.0): Extracting archive
  - Installing dragonmantank/cron-expression (v3.3.3): Extracting archive
  - Installing symfony/polyfill-php80 (v1.30.0): Extracting archive
  - Installing symfony/polyfill-mbstring (v1.30.0): Extracting archive
  - Installing symfony/var-dumper (v5.4.43): Extracting archive
  - Installing symfony/polyfill-intl-normalizer (v1.30.0): Extracting archive
  - Installing symfony/polyfill-intl-grapheme (v1.30.0): Extracting archive
  - Installing symfony/string (v5.4.43): Extracting archive
  - Installing symfony/deprecation-contracts (v2.5.3): Extracting archive
  - Installing psr/container (1.1.2): Extracting archive
  - Installing symfony/service-contracts (v2.5.3): Extracting archive
  - Installing symfony/polyfill-php73 (v1.30.0): Extracting archive
  - Installing symfony/console (v5.4.43): Extracting archive
  - Installing psr/log (1.1.4): Extracting archive
  - Installing monolog/monolog (2.9.3): Extracting archive
  - Installing voku/portable-ascii (1.6.1): Extracting archive
  - Installing phpoption/phpoption (1.9.3): Extracting archive
  - Installing graham-campbell/result-type (v1.1.3): Extracting archive
  - Installing vlucas/phpdotenv (v5.6.1): Extracting archive
  - Installing symfony/css-selector (v5.4.40): Extracting archive
  - Installing tijsverkoyen/css-to-inline-styles (v2.2.7): Extracting archive
  - Installing symfony/routing (v5.4.43): Extracting archive
  - Installing symfony/process (v5.4.40): Extracting archive
  - Installing symfony/polyfill-php72 (v1.30.0): Extracting archive
  - Installing symfony/polyfill-intl-idn (v1.30.0): Extracting archive
  - Installing symfony/mime (v5.4.43): Extracting archive
  - Installing symfony/http-foundation (v5.4.42): Extracting archive
  - Installing psr/event-dispatcher (1.0.0): Extracting archive
  - Installing symfony/event-dispatcher-contracts (v2.5.3): Extracting archive
  - Installing symfony/event-dispatcher (v5.4.40): Extracting archive
  - Installing symfony/error-handler (v5.4.42): Extracting archive
  - Installing symfony/http-kernel (v5.4.43): Extracting archive
  - Installing symfony/finder (v5.4.43): Extracting archive
  - Installing symfony/polyfill-iconv (v1.30.0): Extracting archive
  - Installing egulias/email-validator (2.1.25): Extracting archive
  - Installing swiftmailer/swiftmailer (v6.3.0): Extracting archive
  - Installing symfony/polyfill-php81 (v1.30.0): Extracting archive
  - Installing ramsey/collection (1.3.0): Extracting archive
  - Installing brick/math (0.9.3): Extracting archive
  - Installing ramsey/uuid (4.2.3): Extracting archive
  - Installing psr/simple-cache (1.0.1): Extracting archive
  - Installing opis/closure (3.6.3): Extracting archive
  - Installing symfony/translation-contracts (v2.5.3): Extracting archive
  - Installing symfony/translation (v5.4.42): Extracting archive
  - Installing psr/clock (1.0.0): Extracting archive
  - Installing carbonphp/carbon-doctrine-types (2.1.0): Extracting archive
  - Installing nesbot/carbon (2.72.5): Extracting archive
  - Installing league/mime-type-detection (1.15.0): Extracting archive
  - Installing league/flysystem (1.1.10): Extracting archive
  - Installing nette/utils (v3.2.10): Extracting archive
  - Installing nette/schema (v1.2.5): Extracting archive
  - Installing dflydev/dot-access-data (v3.0.3): Extracting archive
  - Installing league/config (v1.2.0): Extracting archive
  - Installing league/commonmark (2.5.3): Extracting archive
  - Installing laravel/serializable-closure (v1.3.4): Extracting archive
  - Installing laravel/framework (v8.83.27): Extracting archive
  - Installing facade/ignition-contracts (1.0.2): Extracting archive
  - Installing facade/flare-client-php (1.10.0): Extracting archive
  - Installing facade/ignition (2.17.7): Extracting archive
  - Installing fakerphp/faker (v1.23.1): Extracting archive
  - Installing asm89/stack-cors (v2.2.0): Extracting archive
  - Installing fruitcake/laravel-cors (v2.2.0): Extracting archive
  - Installing psr/http-message (2.0): Extracting archive
  - Installing psr/http-client (1.0.3): Extracting archive
  - Installing ralouphie/getallheaders (3.0.3): Extracting archive
  - Installing psr/http-factory (1.1.0): Extracting archive
  - Installing guzzlehttp/psr7 (2.7.0): Extracting archive
  - Installing guzzlehttp/promises (2.0.3): Extracting archive
  - Installing guzzlehttp/guzzle (7.9.2): Extracting archive
  - Installing laravel/sail (v1.19.0): Extracting archive
  - Installing laravel/sanctum (v2.15.1): Extracting archive
  - Installing nikic/php-parser (v5.1.0): Extracting archive
  - Installing psy/psysh (v0.12.4): Extracting archive
  - Installing laravel/tinker (v2.9.0): Extracting archive
  - Installing hamcrest/hamcrest-php (v2.0.1): Extracting archive
  - Installing mockery/mockery (1.6.12): Extracting archive
  - Installing filp/whoops (2.15.4): Extracting archive
  - Installing nunomaduro/collision (v5.11.0): Extracting archive
  - Installing sebastian/version (3.0.2): Extracting archive
  - Installing sebastian/type (3.2.1): Extracting archive
  - Installing sebastian/resource-operations (3.0.4): Extracting archive
  - Installing sebastian/recursion-context (4.0.5): Extracting archive
  - Installing sebastian/object-reflector (2.0.4): Extracting archive
  - Installing sebastian/object-enumerator (4.0.4): Extracting archive
  - Installing sebastian/global-state (5.0.7): Extracting archive
  - Installing sebastian/exporter (4.0.6): Extracting archive
  - Installing sebastian/environment (5.1.5): Extracting archive
  - Installing sebastian/diff (4.0.6): Extracting archive
  - Installing sebastian/comparator (4.0.8): Extracting archive
  - Installing sebastian/code-unit (1.0.8): Extracting archive
  - Installing sebastian/cli-parser (1.0.2): Extracting archive
  - Installing phpunit/php-timer (5.0.3): Extracting archive
  - Installing phpunit/php-text-template (2.0.4): Extracting archive
  - Installing phpunit/php-invoker (3.1.1): Extracting archive
  - Installing phpunit/php-file-iterator (3.0.6): Extracting archive
  - Installing theseer/tokenizer (1.2.3): Extracting archive
  - Installing sebastian/lines-of-code (1.0.4): Extracting archive
  - Installing sebastian/complexity (2.0.3): Extracting archive
  - Installing sebastian/code-unit-reverse-lookup (2.0.3): Extracting archive
  - Installing phpunit/php-code-coverage (9.2.32): Extracting archive
  - Installing phar-io/version (3.2.1): Extracting archive
  - Installing phar-io/manifest (2.0.4): Extracting archive
  - Installing myclabs/deep-copy (1.12.0): Extracting archive
  - Installing doctrine/instantiator (1.5.0): Extracting archive
  - Installing phpunit/phpunit (9.6.20): Extracting archive
 101/108 [==========================>-]  93%    Install of nesbot/carbon failed
    Install of laravel/framework failed
    Install of fakerphp/faker failed
    Install of nikic/php-parser failed
    Install of phpunit/php-code-coverage failed
    Install of phar-io/manifest failed
    Install of phpunit/phpunit failed

In Filesystem.php line 333:

  Could not delete /var/www/vendor/composer/e453637c/laravel-framework-e1afe08/src/Illuminate/Http/Client:


create-project [-s|--stability STABILITY] [--prefer-source] [--prefer-dist] [--prefer-install PREFER-INSTALL] [--repository REPOSITORY] [--repository-url REPOSITORY-URL] [--add-repository] [--dev] [--no-dev] [--no-custom-installers] [--no-scripts] [--no-progress] [--no-secure-http] [--keep-vcs] [--remove-vcs] [--no-install] [--no-audit] [--audit-format AUDIT-FORMAT] [--ignore-platform-req IGNORE-PLATFORM-REQ] [--ignore-platform-reqs] [--ask] [--] [<package> [<directory> [<version>]]]